START
MOV SP, 0
MOV BP, 0
CALL main
JMP hlt
swap: PUSH BP
MOV BP, SP
PUSH R0
PUSH R0
PUSH R0
MOV R0, BP
MOV R1, 1
ADD R0, R1
MOV R1, BP
MOV R2, -4
ADD R1, R2
MOV R1, [R1]
MOV R1, [R1]
MOV [R0], R1
MOV R0, BP
MOV R1, -4
ADD R0, R1
MOV R0, [R0]
MOV R1, BP
MOV R2, -3
ADD R1, R2
MOV R1, [R1]
MOV R1, [R1]
MOV [R0], R1
MOV R0, BP
MOV R1, -3
ADD R0, R1
MOV R0, [R0]
MOV R1, BP
MOV R2, 1
ADD R1, R2
MOV R1, [R1]
MOV [R0], R1
MOV R0, 0
MOV R1, BP
MOV R2, -2
ADD R1, R2
MOV [R1], R0
POP R1
POP R1
POP R1
POP BP
RET
main: PUSH BP
MOV BP, SP
PUSH R0
PUSH R0
PUSH R0
IN R0
MOV R1, BP
MOV R2, 1
ADD R1, R2
MOV [R1], R0
IN R0
MOV R1, BP
MOV R2, 2
ADD R1, R2
MOV [R1], R0
MOV R0, BP
MOV R1, 3
ADD R0, R1
PUSH R0
MOV R1, BP
MOV R2, 2
ADD R1, R2
PUSH R1
MOV R1, BP
MOV R2, 1
ADD R1, R2
PUSH R1
PUSH R0
CALL swap
POP R1
POP R2
POP R2
POP R0
MOV [R0], R1
MOV R0, BP
MOV R1, 1
ADD R0, R1
MOV R0, [R0]
OUT R0
MOV R0, BP
MOV R1, 2
ADD R0, R1
MOV R0, [R0]
OUT R0
MOV R0, 0
MOV R1, BP
MOV R2, -2
ADD R1, R2
MOV [R1], R0
POP R1
POP R1
POP R1
POP BP
RET
hlt: HALT
