START
MOV SP, 1
MOV BP, SP
CALL main
JMP hlt
gcd: PUSH BP
MOV BP, SP
PUSH R0
PUSH R0
PUSH R0
PUSH R0
PUSH R0
PUSH R0
PUSH R0
PUSH R0
PUSH R0
PUSH R0
MOV R0, BP
MOV R1, 1
ADD R0, R1
MOV R1, BP
MOV R2, -4
ADD R1, R2
MOV R2, 0
SUB R1, R2
MOV R1, [R1]
MOV [R0], R1
MOV R0, BP
MOV R1, 2
ADD R0, R1
MOV R1, BP
MOV R2, -4
ADD R1, R2
MOV R2, 1
SUB R1, R2
MOV R1, [R1]
MOV [R0], R1
MOV R0, BP
MOV R1, 2
ADD R0, R1
MOV R0, [R0]
MOV R1, 0
EQ R0, R1
JZ R0, L1
MOV R0, 0
MOV R1, BP
MOV R2, 1
ADD R1, R2
MOV R1, [R1]
MOV [R0], R1
MOV R0, BP
MOV R1, 7
ADD R0, R1
MOV R1, R0
INR R1
MOV R2, 1
MOV R3, 0
MOV [R1], R2
MOV [R0], R3
JMP L2
L1: MOV R0, BP
MOV R1, 3
ADD R0, R1
MOV R1, BP
MOV R2, 1
ADD R1, R2
MOV R1, [R1]
MOV R2, BP
MOV R3, 2
ADD R2, R3
MOV R2, [R2]
MOD R1, R2
MOV [R0], R1
MOV R0, BP
MOV R1, 4
ADD R0, R1
MOV R1, BP
MOV R2, 1
ADD R1, R2
MOV R1, [R1]
MOV R2, BP
MOV R3, 2
ADD R2, R3
MOV R2, [R2]
DIV R1, R2
MOV [R0], R1
MOV R0, BP
MOV R1, 5
ADD R0, R1
MOV R1, R0
INR R1
PUSH R0
PUSH R1
MOV R2, BP
MOV R3, 2
ADD R2, R3
MOV R2, [R2]
MOV R3, BP
MOV R4, 3
ADD R3, R4
MOV R3, [R3]
PUSH R3
PUSH R2
PUSH R0
PUSH R0
CALL gcd
POP R2
POP R3
POP R4
POP R4
POP R1
POP R0
MOV [R1], R2
MOV [R0], R3
MOV R0, BP
MOV R1, 7
ADD R0, R1
MOV R1, R0
INR R1
MOV R2, BP
MOV R3, 5
ADD R2, R3
MOV R3, 0
ADD R2, R3
MOV R2, [R2]
MOV R3, BP
MOV R4, 5
ADD R3, R4
MOV R4, 1
ADD R3, R4
MOV R3, [R3]
MOV R4, BP
MOV R5, 5
ADD R4, R5
MOV R5, 0
ADD R4, R5
MOV R4, [R4]
MOV R5, BP
MOV R6, 4
ADD R5, R6
MOV R5, [R5]
MUL R4, R5
SUB R3, R4
MOV [R1], R2
MOV [R0], R3
L2: MOV R0, BP
MOV R1, 7
ADD R0, R1
MOV R1, R0
INR R1
MOV R1, [R1]
MOV R0, [R0]
MOV R2, BP
MOV R3, -2
ADD R2, R3
MOV [R2], R1
MOV R3, -1
ADD R2, R3
MOV [R2], R0
POP R2
POP R2
POP R2
POP R2
POP R2
POP R2
POP R2
POP R2
POP R2
POP R2
POP BP
RET
main: PUSH BP
MOV BP, SP
PUSH R0
PUSH R0
PUSH R0
PUSH R0
IN R0
MOV R1, BP
MOV R2, 1
ADD R1, R2
MOV [R1], R0
IN R0
MOV R1, BP
MOV R2, 2
ADD R1, R2
MOV [R1], R0
MOV R0, BP
MOV R1, 3
ADD R0, R1
MOV R1, 0
ADD R0, R1
MOV R1, BP
MOV R2, 1
ADD R1, R2
MOV R1, [R1]
MOV [R0], R1
MOV R0, BP
MOV R1, 3
ADD R0, R1
MOV R1, 1
ADD R0, R1
MOV R1, BP
MOV R2, 2
ADD R1, R2
MOV R1, [R1]
MOV [R0], R1
MOV R0, BP
MOV R1, 3
ADD R0, R1
MOV R1, R0
INR R1
PUSH R0
PUSH R1
MOV R2, BP
MOV R3, 3
ADD R2, R3
MOV R3, R2
INR R3
MOV R3, [R3]
MOV R2, [R2]
PUSH R3
PUSH R2
PUSH R0
PUSH R0
CALL gcd
POP R2
POP R3
POP R4
POP R4
POP R1
POP R0
MOV [R1], R2
MOV [R0], R3
MOV R0, 0
MOV R0, [R0]
OUT R0
MOV R0, BP
MOV R1, 3
ADD R0, R1
MOV R1, 1
ADD R0, R1
MOV R0, [R0]
OUT R0
MOV R0, BP
MOV R1, 3
ADD R0, R1
MOV R1, 0
ADD R0, R1
MOV R0, [R0]
OUT R0
MOV R0, 0
MOV R1, BP
MOV R2, -2
ADD R1, R2
MOV [R1], R0
POP R1
POP R1
POP R1
POP R1
POP BP
RET
hlt: HALT
