START
MOV SP, 105
MOV BP, 0
CALL main
JMP hlt
swap: PUSH BP
MOV BP, SP
PUSH R0
PUSH R0
PUSH R0
MOV R0, BP
MOV R1, 1
ADD R0, R1
MOV R1, BP
MOV R2, -4
ADD R1, R2
MOV R1, [R1]
MOV R1, [R1]
MOV [R0], R1
MOV R0, BP
MOV R1, -4
ADD R0, R1
MOV R0, [R0]
MOV R1, BP
MOV R2, -3
ADD R1, R2
MOV R1, [R1]
MOV R1, [R1]
MOV [R0], R1
MOV R0, BP
MOV R1, -3
ADD R0, R1
MOV R0, [R0]
MOV R1, BP
MOV R2, 1
ADD R1, R2
MOV R1, [R1]
MOV [R0], R1
MOV R0, 0
MOV R1, BP
MOV R2, -2
ADD R1, R2
MOV [R1], R0
POP R1
POP R1
POP R1
POP BP
RET
main: PUSH BP
MOV BP, SP
PUSH R0
MOV R0, 101
MOV R1, 0
MOV [R0], R1
IN R0
MOV R1, 100
MOV [R1], R0
L1: MOV R0, 101
MOV R0, [R0]
MOV R1, 100
MOV R1, [R1]
LT R0, R1
JZ R0, L2
IN R0
MOV R1, 101
MOV R1, [R1]
MOV R2, 0
ADD R1, R2
MOV [R1], R0
MOV R0, 101
MOV R1, 101
MOV R1, [R1]
MOV R2, 1
ADD R1, R2
MOV [R0], R1
JMP L1
L2: MOV R0, 101
MOV R1, 0
MOV [R0], R1
MOV R0, 102
MOV R1, 0
MOV [R0], R1
L3: MOV R0, 101
MOV R0, [R0]
MOV R1, 100
MOV R1, [R1]
MOV R2, 1
SUB R1, R2
LT R0, R1
JZ R0, L4
MOV R0, 102
MOV R1, 0
MOV [R0], R1
L5: MOV R0, 102
MOV R0, [R0]
MOV R1, 100
MOV R1, [R1]
MOV R2, 101
MOV R2, [R2]
SUB R1, R2
MOV R2, 1
SUB R1, R2
LT R0, R1
JZ R0, L6
MOV R0, 102
MOV R0, [R0]
MOV R1, 0
ADD R0, R1
MOV R0, [R0]
MOV R1, 102
MOV R1, [R1]
MOV R2, 1
ADD R1, R2
MOV R2, 0
ADD R1, R2
MOV R1, [R1]
GT R0, R1
JZ R0, L7
MOV R0, BP
MOV R1, 1
ADD R0, R1
PUSH R0
MOV R1, 102
MOV R1, [R1]
MOV R2, 1
ADD R1, R2
MOV R2, 0
ADD R1, R2
PUSH R1
MOV R1, 102
MOV R1, [R1]
MOV R2, 0
ADD R1, R2
PUSH R1
PUSH R0
CALL swap
POP R1
POP R2
POP R2
POP R0
MOV [R0], R1
L7: MOV R0, 102
MOV R1, 102
MOV R1, [R1]
MOV R2, 1
ADD R1, R2
MOV [R0], R1
JMP L5
L6: MOV R0, 101
MOV R1, 101
MOV R1, [R1]
MOV R2, 1
ADD R1, R2
MOV [R0], R1
JMP L3
L4: MOV R0, 101
MOV R1, 0
MOV [R0], R1
L8: MOV R0, 101
MOV R0, [R0]
MOV R1, 100
MOV R1, [R1]
LT R0, R1
JZ R0, L9
MOV R0, 101
MOV R0, [R0]
MOV R1, 0
ADD R0, R1
MOV R0, [R0]
OUT R0
MOV R0, 101
MOV R1, 101
MOV R1, [R1]
MOV R2, 1
ADD R1, R2
MOV [R0], R1
JMP L8
L9: MOV R0, 0
MOV R1, BP
MOV R2, -2
ADD R1, R2
MOV [R1], R0
POP R1
POP BP
RET
hlt: HALT
